<?xml version="1.0" encoding="UTF-8" ?>
<testsuite tests="4" failures="0" name="com.basic.postWithDataTableSD.RunMyPostWithDataTableTest" time="0.016" errors="2" skipped="2">
  <properties>
[...]
</properties>
  <testcase classname="Scenario: Test my POST request test" name="Given user hit the post request with &quot;Tom&quot; name" time="0">
    <error message="D:\IBM\workspace\CucuRestAssured\src\test\java\com\basic\postFromTextFileSD\user.json: The device is not ready.
" type="java.nio.file.FileSystemException">java.nio.file.FileSystemException: D:\IBM\workspace\CucuRestAssured\src\test\java\com\basic\postFromTextFileSD\user.json: The device is not ready.

	at sun.nio.fs.WindowsException.translateToIOException(Unknown Source)
	at sun.nio.fs.WindowsException.rethrowAsIOException(Unknown Source)
	at sun.nio.fs.WindowsException.rethrowAsIOException(Unknown Source)
	at sun.nio.fs.WindowsFileSystemProvider.newByteChannel(Unknown Source)
	at java.nio.file.Files.newByteChannel(Unknown Source)
	at java.nio.file.Files.newByteChannel(Unknown Source)
	at java.nio.file.Files.readAllBytes(Unknown Source)
	at com.basic.postWithDataTableSD.MyPostWithDataTable.user_hit_the_post_request_with_json_data(MyPostWithDataTable.java:35)
	at ✽.Given user hit the post request with &quot;Tom&quot; name(PostWithDataTable.feature:5)
</error>
    <system-out>
  Scenario: Test my POST request test                                      # PostUpdatedJson.feature:14
    Given user hit the post request with &quot;Pragya&quot; name  and &quot;engineer&quot; job
    #And  user hit the post request with &quot;engineer&quot; job
    Then user validate the id is not null                                  # MyPostFromTextFile.user_validate_the_id_is_not_null()

3 Scenarios (1 undefined, 2 passed)
6 Steps (1 skipped, 1 undefined, 4 passed)
0m0.903s


You can implement missing steps with the snippets below:

@Given(&quot;^user hit the post request with \&quot;([^\&quot;]*)\&quot; name  and \&quot;([^\&quot;]*)\&quot; job$&quot;)
public void user_hit_the_post_request_with_name_and_job(String arg1, String arg2) throws Throwable {
    // Write code here that turns the phrase above into concrete actions
    throw new PendingException();
}

Feature: First Rest Assured test POST
</system-out>
  </testcase>
  <testcase classname="Scenario: Test my POST request test" name="Scenario: Test my POST request test" time="0">
    <error message="D:\IBM\workspace\CucuRestAssured\src\test\java\com\basic\postFromTextFileSD\user.json: The device is not ready.
" type="java.nio.file.FileSystemException">java.nio.file.FileSystemException: D:\IBM\workspace\CucuRestAssured\src\test\java\com\basic\postFromTextFileSD\user.json: The device is not ready.

	at sun.nio.fs.WindowsException.translateToIOException(Unknown Source)
	at sun.nio.fs.WindowsException.rethrowAsIOException(Unknown Source)
	at sun.nio.fs.WindowsException.rethrowAsIOException(Unknown Source)
	at sun.nio.fs.WindowsFileSystemProvider.newByteChannel(Unknown Source)
	at java.nio.file.Files.newByteChannel(Unknown Source)
	at java.nio.file.Files.newByteChannel(Unknown Source)
	at java.nio.file.Files.readAllBytes(Unknown Source)
	at com.basic.postWithDataTableSD.MyPostWithDataTable.user_hit_the_post_request_with_json_data(MyPostWithDataTable.java:35)
	at ✽.Given user hit the post request with &quot;Tom&quot; name(PostWithDataTable.feature:5)
</error>
  </testcase>
  <testcase classname="Scenario: Test my POST request test" name="Then user validate followind data" time="0.008">
    <skipped/>
  </testcase>
  <testcase classname="Scenario: Test my POST request test" name="Then I will validate other parameter" time="0.008">
    <skipped/>
  </testcase>
</testsuite>