<?xml version="1.0" encoding="UTF-8" ?>
<testsuite tests="24" failures="0" name="com.basic.MyFirstSelenium.RunnerFirstSeleniumScriptTest" time="0.167" errors="4" skipped="12">
  <properties>
[...]
</properties>
  <testcase classname="Scenario: test all tabs on home page" name="Given User Opens seleniumhq website" time="0"/>
  <testcase classname="Scenario: test all tabs on home page" name="When user click on &quot;Project&quot; tab" time="0.001">
    <error type="java.lang.NullPointerException">java.lang.NullPointerException
	at com.basic.MyFirstSelenium.FirstSeleniumScriptSD.user_click_on_Project_tab(FirstSeleniumScriptSD.java:34)
	at ✽.When user click on &quot;Project&quot; tab(src/test/resources/com/basic/MyFirstSelenium/FirstSeleniumScriptFF.feature:5)
</error>
    <system-out>tab name = Project
</system-out>
  </testcase>
  <testcase classname="Scenario: test all tabs on home page" name="Scenario: test all tabs on home page" time="0.004">
    <error type="java.lang.NullPointerException">java.lang.NullPointerException
	at com.basic.MyFirstSelenium.FirstSeleniumScriptSD.user_click_on_Project_tab(FirstSeleniumScriptSD.java:34)
	at ✽.When user click on &quot;Project&quot; tab(src/test/resources/com/basic/MyFirstSelenium/FirstSeleniumScriptFF.feature:5)
</error>
  </testcase>
  <testcase classname="Scenario: test all tabs on home page" name="Then user checks About tab" time="0.005">
    <skipped/>
  </testcase>
  <testcase classname="Scenario: test all tabs on home page22" name="Given User Opens seleniumhq website" time="0"/>
  <testcase classname="Scenario: test all tabs on home page22" name="When user click on &quot;Documenation&quot; tab" time="0">
    <error type="java.lang.NullPointerException">java.lang.NullPointerException
	at com.basic.MyFirstSelenium.FirstSeleniumScriptSD.user_click_on_Project_tab(FirstSeleniumScriptSD.java:34)
	at ✽.When user click on &quot;Documenation&quot; tab(src/test/resources/com/basic/MyFirstSelenium/FirstSeleniumScriptFF.feature:10)
</error>
    <system-out>tab name = Documenation
</system-out>
  </testcase>
  <testcase classname="Scenario: test all tabs on home page22" name="Scenario: test all tabs on home page22" time="0">
    <error type="java.lang.NullPointerException">java.lang.NullPointerException
	at com.basic.MyFirstSelenium.FirstSeleniumScriptSD.user_click_on_Project_tab(FirstSeleniumScriptSD.java:34)
	at ✽.When user click on &quot;Documenation&quot; tab(src/test/resources/com/basic/MyFirstSelenium/FirstSeleniumScriptFF.feature:10)
</error>
  </testcase>
  <testcase classname="Scenario: test all tabs on home page22" name="Then user checks About tab" time="0">
    <skipped/>
  </testcase>
  <testcase classname="Scenario: test all tabs on home page33" name="Given User Opens seleniumhq website" time="0"/>
  <testcase classname="Scenario: test all tabs on home page33" name="When user click on Project tab" time="0.002">
    <skipped/>
  </testcase>
  <testcase classname="Scenario: test all tabs on home page33" name="Then user checks About tab" time="0.003">
    <skipped/>
  </testcase>
  <testcase classname="Scenario: test all tabs on home page33" name="Scenario: test all tabs on home page33" time="0.005">
    <skipped/>
  </testcase>
  <testcase classname="Scenario: test all tabs on home page33" name="Scenario: test all tabs on home page33" time="0.005"/>
  <testcase classname="Scenario: test all tabs on home page44" name="Given User Opens seleniumhq website" time="0"/>
  <testcase classname="Scenario: test all tabs on home page44" name="When user click on Project tab" time="0.024">
    <skipped/>
  </testcase>
  <testcase classname="Scenario: test all tabs on home page44" name="Then user checks About tab" time="0.024">
    <skipped/>
  </testcase>
  <testcase classname="Scenario: test all tabs on home page44" name="Scenario: test all tabs on home page44" time="0.027">
    <skipped/>
  </testcase>
  <testcase classname="Scenario: test all tabs on home page44" name="Scenario: test all tabs on home page44" time="0.027"/>
  <testcase classname="Scenario: test all tabs on home page44" name="Given User Opens seleniumhq website" time="0.001"/>
  <testcase classname="Scenario: test all tabs on home page44" name="When user enter following parameters" time="0.007">
    <skipped/>
  </testcase>
  <testcase classname="Scenario: test all tabs on home page44" name="When user click on submit button." time="0.008">
    <skipped/>
  </testcase>
  <testcase classname="Scenario: test all tabs on home page44" name="Then he checks address on profile page" time="0.008">
    <skipped/>
  </testcase>
  <testcase classname="Scenario: test all tabs on home page44" name="Scenario: test all tabs on home page44" time="0.008">
    <skipped/>
  </testcase>
  <testcase classname="Scenario: test all tabs on home page44" name="Scenario: test all tabs on home page44" time="0.008"/>
</testsuite>